
10월 18, 2023 12:40:32.76 NEW SESSION
10월 18, 2023 12:40:32.77 INFO: Created TensorFlow Lite XNNPACK delegate for CPU.

11월 01, 2023 09:37:10.48 NEW SESSION
11월 01, 2023 09:37:10.49 [1101/093710.481:ERROR:filesystem_win.cc(130)] GetFileAttributes C:\Users\M22\AppData\Local\Google\Chrome\User Data\Crashpad\attachments\8d3a9372-f62f-4369-9873-ca733f7bd8a7: 지정된 파일을 찾을 수 없습니다. (0x2)
11월 01, 2023 09:37:10.49 [1101/093710.483:ERROR:filesystem_win.cc(130)] GetFileAttributes C:\Users\M22\AppData\Local\Google\Chrome\User Data\Crashpad\attachments\c65a7bbb-8f79-4555-9259-d35bcf5b7905: 지정된 파일을 찾을 수 없습니다. (0x2)
11월 01, 2023 09:37:10.49 [1101/093710.483:ERROR:filesystem_win.cc(130)] GetFileAttributes C:\Users\M22\AppData\Local\Google\Chrome\User Data\Crashpad\attachments\8d3a9372-f62f-4369-9873-ca733f7bd8a7: 지정된 파일을 찾을 수 없습니다. (0x2)
11월 01, 2023 09:37:10.49 [1101/093710.483:ERROR:filesystem_win.cc(130)] GetFileAttributes C:\Users\M22\AppData\Local\Google\Chrome\User Data\Crashpad\attachments\c65a7bbb-8f79-4555-9259-d35bcf5b7905: 지정된 파일을 찾을 수 없습니다. (0x2)
11월 01, 2023 09:40:58.46 [1101/094058.460:ERROR:filesystem_win.cc(130)] GetFileAttributes C:\Users\M22\AppData\Local\Google\Chrome\User Data\Crashpad\attachments\8d3a9372-f62f-4369-9873-ca733f7bd8a7: 지정된 파일을 찾을 수 없습니다. (0x2)
11월 01, 2023 09:40:58.46 [1101/094058.460:ERROR:filesystem_win.cc(130)] GetFileAttributes C:\Users\M22\AppData\Local\Google\Chrome\User Data\Crashpad\attachments\c65a7bbb-8f79-4555-9259-d35bcf5b7905: 지정된 파일을 찾을 수 없습니다. (0x2)
11월 01, 2023 09:40:58.46 [1101/094058.461:ERROR:filesystem_win.cc(130)] GetFileAttributes C:\Users\M22\AppData\Local\Google\Chrome\User Data\Crashpad\attachments\8d3a9372-f62f-4369-9873-ca733f7bd8a7: 지정된 파일을 찾을 수 없습니다. (0x2)
11월 01, 2023 09:40:58.46 [1101/094058.461:ERROR:filesystem_win.cc(130)] GetFileAttributes C:\Users\M22\AppData\Local\Google\Chrome\User Data\Crashpad\attachments\c65a7bbb-8f79-4555-9259-d35bcf5b7905: 지정된 파일을 찾을 수 없습니다. (0x2)
11월 01, 2023 09:52:12.27 [1101/095212.276:ERROR:filesystem_win.cc(130)] GetFileAttributes C:\Users\M22\AppData\Local\Google\Chrome\User Data\Crashpad\attachments\8d3a9372-f62f-4369-9873-ca733f7bd8a7: 지정된 파일을 찾을 수 없습니다. (0x2)
11월 01, 2023 09:52:12.27 [1101/095212.277:ERROR:filesystem_win.cc(130)] GetFileAttributes C:\Users\M22\AppData\Local\Google\Chrome\User Data\Crashpad\attachments\c65a7bbb-8f79-4555-9259-d35bcf5b7905: 지정된 파일을 찾을 수 없습니다. (0x2)
11월 01, 2023 09:52:12.27 [1101/095212.277:ERROR:filesystem_win.cc(130)] GetFileAttributes C:\Users\M22\AppData\Local\Google\Chrome\User Data\Crashpad\attachments\8d3a9372-f62f-4369-9873-ca733f7bd8a7: 지정된 파일을 찾을 수 없습니다. (0x2)
11월 01, 2023 09:52:12.27 [1101/095212.277:ERROR:filesystem_win.cc(130)] GetFileAttributes C:\Users\M22\AppData\Local\Google\Chrome\User Data\Crashpad\attachments\c65a7bbb-8f79-4555-9259-d35bcf5b7905: 지정된 파일을 찾을 수 없습니다. (0x2)
11월 01, 2023 09:57:56.06 [1101/095756.069:ERROR:filesystem_win.cc(130)] GetFileAttributes C:\Users\M22\AppData\Local\Google\Chrome\User Data\Crashpad\attachments\8d3a9372-f62f-4369-9873-ca733f7bd8a7: 지정된 파일을 찾을 수 없습니다. (0x2)
11월 01, 2023 09:57:56.06 [1101/095756.069:ERROR:filesystem_win.cc(130)] GetFileAttributes C:\Users\M22\AppData\Local\Google\Chrome\User Data\Crashpad\attachments\c65a7bbb-8f79-4555-9259-d35bcf5b7905: 지정된 파일을 찾을 수 없습니다. (0x2)
11월 01, 2023 09:57:56.06 [1101/095756.069:ERROR:filesystem_win.cc(130)] GetFileAttributes C:\Users\M22\AppData\Local\Google\Chrome\User Data\Crashpad\attachments\8d3a9372-f62f-4369-9873-ca733f7bd8a7: 지정된 파일을 찾을 수 없습니다. (0x2)
11월 01, 2023 09:57:56.07 [1101/095756.069:ERROR:filesystem_win.cc(130)] GetFileAttributes C:\Users\M22\AppData\Local\Google\Chrome\User Data\Crashpad\attachments\c65a7bbb-8f79-4555-9259-d35bcf5b7905: 지정된 파일을 찾을 수 없습니다. (0x2)
11월 01, 2023 10:01:05.26 [1101/100105.261:ERROR:filesystem_win.cc(130)] GetFileAttributes C:\Users\M22\AppData\Local\Google\Chrome\User Data\Crashpad\attachments\8d3a9372-f62f-4369-9873-ca733f7bd8a7: 지정된 파일을 찾을 수 없습니다. (0x2)
11월 01, 2023 10:01:05.26 [1101/100105.261:ERROR:filesystem_win.cc(130)] GetFileAttributes C:\Users\M22\AppData\Local\Google\Chrome\User Data\Crashpad\attachments\c65a7bbb-8f79-4555-9259-d35bcf5b7905: 지정된 파일을 찾을 수 없습니다. (0x2)
11월 01, 2023 10:01:05.26 [1101/100105.262:ERROR:filesystem_win.cc(130)] GetFileAttributes C:\Users\M22\AppData\Local\Google\Chrome\User Data\Crashpad\attachments\8d3a9372-f62f-4369-9873-ca733f7bd8a7: 지정된 파일을 찾을 수 없습니다. (0x2)
11월 01, 2023 10:01:05.26 [1101/100105.262:ERROR:filesystem_win.cc(130)] GetFileAttributes C:\Users\M22\AppData\Local\Google\Chrome\User Data\Crashpad\attachments\c65a7bbb-8f79-4555-9259-d35bcf5b7905: 지정된 파일을 찾을 수 없습니다. (0x2)
11월 01, 2023 10:01:30.41 [1101/100130.414:ERROR:filesystem_win.cc(130)] GetFileAttributes C:\Users\M22\AppData\Local\Google\Chrome\User Data\Crashpad\attachments\8d3a9372-f62f-4369-9873-ca733f7bd8a7: 지정된 파일을 찾을 수 없습니다. (0x2)
11월 01, 2023 10:01:30.41 [1101/100130.414:ERROR:filesystem_win.cc(130)] GetFileAttributes C:\Users\M22\AppData\Local\Google\Chrome\User Data\Crashpad\attachments\c65a7bbb-8f79-4555-9259-d35bcf5b7905: 지정된 파일을 찾을 수 없습니다. (0x2)
11월 01, 2023 10:01:30.41 [1101/100130.414:ERROR:filesystem_win.cc(130)] GetFileAttributes C:\Users\M22\AppData\Local\Google\Chrome\User Data\Crashpad\attachments\8d3a9372-f62f-4369-9873-ca733f7bd8a7: 지정된 파일을 찾을 수 없습니다. (0x2)
11월 01, 2023 10:01:30.41 [1101/100130.414:ERROR:filesystem_win.cc(130)] GetFileAttributes C:\Users\M22\AppData\Local\Google\Chrome\User Data\Crashpad\attachments\c65a7bbb-8f79-4555-9259-d35bcf5b7905: 지정된 파일을 찾을 수 없습니다. (0x2)
11월 01, 2023 10:02:11.16 [1101/100211.165:ERROR:filesystem_win.cc(130)] GetFileAttributes C:\Users\M22\AppData\Local\Google\Chrome\User Data\Crashpad\attachments\8d3a9372-f62f-4369-9873-ca733f7bd8a7: 지정된 파일을 찾을 수 없습니다. (0x2)
11월 01, 2023 10:02:11.16 [1101/100211.166:ERROR:filesystem_win.cc(130)] GetFileAttributes C:\Users\M22\AppData\Local\Google\Chrome\User Data\Crashpad\attachments\c65a7bbb-8f79-4555-9259-d35bcf5b7905: 지정된 파일을 찾을 수 없습니다. (0x2)
11월 01, 2023 10:02:11.16 [1101/100211.166:ERROR:filesystem_win.cc(130)] GetFileAttributes C:\Users\M22\AppData\Local\Google\Chrome\User Data\Crashpad\attachments\8d3a9372-f62f-4369-9873-ca733f7bd8a7: 지정된 파일을 찾을 수 없습니다. (0x2)
11월 01, 2023 10:02:11.16 [1101/100211.166:ERROR:filesystem_win.cc(130)] GetFileAttributes C:\Users\M22\AppData\Local\Google\Chrome\User Data\Crashpad\attachments\c65a7bbb-8f79-4555-9259-d35bcf5b7905: 지정된 파일을 찾을 수 없습니다. (0x2)
11월 01, 2023 10:54:53.99 [1101/105453.992:ERROR:filesystem_win.cc(130)] GetFileAttributes C:\Users\M22\AppData\Local\Google\Chrome\User Data\Crashpad\attachments\8d3a9372-f62f-4369-9873-ca733f7bd8a7: 지정된 파일을 찾을 수 없습니다. (0x2)
11월 01, 2023 10:54:53.99 [1101/105453.993:ERROR:filesystem_win.cc(130)] GetFileAttributes C:\Users\M22\AppData\Local\Google\Chrome\User Data\Crashpad\attachments\c65a7bbb-8f79-4555-9259-d35bcf5b7905: 지정된 파일을 찾을 수 없습니다. (0x2)
11월 01, 2023 10:54:53.99 [1101/105453.993:ERROR:filesystem_win.cc(130)] GetFileAttributes C:\Users\M22\AppData\Local\Google\Chrome\User Data\Crashpad\attachments\8d3a9372-f62f-4369-9873-ca733f7bd8a7: 지정된 파일을 찾을 수 없습니다. (0x2)
11월 01, 2023 10:54:53.99 [1101/105453.993:ERROR:filesystem_win.cc(130)] GetFileAttributes C:\Users\M22\AppData\Local\Google\Chrome\User Data\Crashpad\attachments\c65a7bbb-8f79-4555-9259-d35bcf5b7905: 지정된 파일을 찾을 수 없습니다. (0x2)
11월 01, 2023 10:54:54.20 [2988:9636:1101/105454.204:ERROR:sharing_service.cc(250)] Device un-registration failed with fatal error

11월 02, 2023 09:42:14.04 NEW SESSION
11월 02, 2023 09:42:14.05 [1102/094214.041:ERROR:filesystem_win.cc(130)] GetFileAttributes C:\Users\M22\AppData\Local\Google\Chrome\User Data\Crashpad\attachments\8d3a9372-f62f-4369-9873-ca733f7bd8a7: 지정된 파일을 찾을 수 없습니다. (0x2)
11월 02, 2023 09:42:14.06 [1102/094214.044:ERROR:filesystem_win.cc(130)] GetFileAttributes C:\Users\M22\AppData\Local\Google\Chrome\User Data\Crashpad\attachments\c65a7bbb-8f79-4555-9259-d35bcf5b7905: 지정된 파일을 찾을 수 없습니다. (0x2)
11월 02, 2023 09:42:14.06 [1102/094214.044:ERROR:filesystem_win.cc(130)] GetFileAttributes C:\Users\M22\AppData\Local\Google\Chrome\User Data\Crashpad\attachments\8d3a9372-f62f-4369-9873-ca733f7bd8a7: 지정된 파일을 찾을 수 없습니다. (0x2)
11월 02, 2023 09:42:14.06 [1102/094214.044:ERROR:filesystem_win.cc(130)] GetFileAttributes C:\Users\M22\AppData\Local\Google\Chrome\User Data\Crashpad\attachments\c65a7bbb-8f79-4555-9259-d35bcf5b7905: 지정된 파일을 찾을 수 없습니다. (0x2)
11월 02, 2023 09:46:20.87 [1102/094620.870:ERROR:filesystem_win.cc(130)] GetFileAttributes C:\Users\M22\AppData\Local\Google\Chrome\User Data\Crashpad\attachments\8d3a9372-f62f-4369-9873-ca733f7bd8a7: 지정된 파일을 찾을 수 없습니다. (0x2)
11월 02, 2023 09:46:20.87 [1102/094620.870:ERROR:filesystem_win.cc(130)] GetFileAttributes C:\Users\M22\AppData\Local\Google\Chrome\User Data\Crashpad\attachments\c65a7bbb-8f79-4555-9259-d35bcf5b7905: 지정된 파일을 찾을 수 없습니다. (0x2)
11월 02, 2023 09:46:20.87 [1102/094620.870:ERROR:filesystem_win.cc(130)] GetFileAttributes C:\Users\M22\AppData\Local\Google\Chrome\User Data\Crashpad\attachments\8d3a9372-f62f-4369-9873-ca733f7bd8a7: 지정된 파일을 찾을 수 없습니다. (0x2)
11월 02, 2023 09:46:20.87 [1102/094620.870:ERROR:filesystem_win.cc(130)] GetFileAttributes C:\Users\M22\AppData\Local\Google\Chrome\User Data\Crashpad\attachments\c65a7bbb-8f79-4555-9259-d35bcf5b7905: 지정된 파일을 찾을 수 없습니다. (0x2)
11월 02, 2023 09:46:59.59 [1102/094659.597:ERROR:filesystem_win.cc(130)] GetFileAttributes C:\Users\M22\AppData\Local\Google\Chrome\User Data\Crashpad\attachments\8d3a9372-f62f-4369-9873-ca733f7bd8a7: 지정된 파일을 찾을 수 없습니다. (0x2)
11월 02, 2023 09:46:59.59 [1102/094659.597:ERROR:filesystem_win.cc(130)] GetFileAttributes C:\Users\M22\AppData\Local\Google\Chrome\User Data\Crashpad\attachments\c65a7bbb-8f79-4555-9259-d35bcf5b7905: 지정된 파일을 찾을 수 없습니다. (0x2)
11월 02, 2023 09:46:59.59 [1102/094659.598:ERROR:filesystem_win.cc(130)] GetFileAttributes C:\Users\M22\AppData\Local\Google\Chrome\User Data\Crashpad\attachments\8d3a9372-f62f-4369-9873-ca733f7bd8a7: 지정된 파일을 찾을 수 없습니다. (0x2)
11월 02, 2023 09:46:59.59 [1102/094659.598:ERROR:filesystem_win.cc(130)] GetFileAttributes C:\Users\M22\AppData\Local\Google\Chrome\User Data\Crashpad\attachments\c65a7bbb-8f79-4555-9259-d35bcf5b7905: 지정된 파일을 찾을 수 없습니다. (0x2)
11월 02, 2023 09:51:46.43 [1102/095146.430:ERROR:filesystem_win.cc(130)] GetFileAttributes C:\Users\M22\AppData\Local\Google\Chrome\User Data\Crashpad\attachments\8d3a9372-f62f-4369-9873-ca733f7bd8a7: 지정된 파일을 찾을 수 없습니다. (0x2)
11월 02, 2023 09:51:46.43 [1102/095146.430:ERROR:filesystem_win.cc(130)] GetFileAttributes C:\Users\M22\AppData\Local\Google\Chrome\User Data\Crashpad\attachments\c65a7bbb-8f79-4555-9259-d35bcf5b7905: 지정된 파일을 찾을 수 없습니다. (0x2)
11월 02, 2023 09:51:46.43 [1102/095146.431:ERROR:filesystem_win.cc(130)] GetFileAttributes C:\Users\M22\AppData\Local\Google\Chrome\User Data\Crashpad\attachments\8d3a9372-f62f-4369-9873-ca733f7bd8a7: 지정된 파일을 찾을 수 없습니다. (0x2)
11월 02, 2023 09:51:46.43 [1102/095146.431:ERROR:filesystem_win.cc(130)] GetFileAttributes C:\Users\M22\AppData\Local\Google\Chrome\User Data\Crashpad\attachments\c65a7bbb-8f79-4555-9259-d35bcf5b7905: 지정된 파일을 찾을 수 없습니다. (0x2)
11월 02, 2023 09:53:30.65 [1102/095330.654:ERROR:filesystem_win.cc(130)] GetFileAttributes C:\Users\M22\AppData\Local\Google\Chrome\User Data\Crashpad\attachments\8d3a9372-f62f-4369-9873-ca733f7bd8a7: 지정된 파일을 찾을 수 없습니다. (0x2)
11월 02, 2023 09:53:30.65 [1102/095330.654:ERROR:filesystem_win.cc(130)] GetFileAttributes C:\Users\M22\AppData\Local\Google\Chrome\User Data\Crashpad\attachments\c65a7bbb-8f79-4555-9259-d35bcf5b7905: 지정된 파일을 찾을 수 없습니다. (0x2)
11월 02, 2023 09:53:30.65 [1102/095330.654:ERROR:filesystem_win.cc(130)] GetFileAttributes C:\Users\M22\AppData\Local\Google\Chrome\User Data\Crashpad\attachments\8d3a9372-f62f-4369-9873-ca733f7bd8a7: 지정된 파일을 찾을 수 없습니다. (0x2)
11월 02, 2023 09:53:30.65 [1102/095330.654:ERROR:filesystem_win.cc(130)] GetFileAttributes C:\Users\M22\AppData\Local\Google\Chrome\User Data\Crashpad\attachments\c65a7bbb-8f79-4555-9259-d35bcf5b7905: 지정된 파일을 찾을 수 없습니다. (0x2)
11월 02, 2023 09:58:11.38 [4976:14940:1102/095811.385:ERROR:device_event_log_impl.cc(225)] [09:58:11.384] Bluetooth: bluetooth_adapter_winrt.cc:1058 Getting Default Adapter failed.
11월 02, 2023 10:03:09.12 [1102/100309.127:ERROR:filesystem_win.cc(130)] GetFileAttributes C:\Users\M22\AppData\Local\Google\Chrome\User Data\Crashpad\attachments\8d3a9372-f62f-4369-9873-ca733f7bd8a7: 지정된 파일을 찾을 수 없습니다. (0x2)
11월 02, 2023 10:03:09.12 [1102/100309.127:ERROR:filesystem_win.cc(130)] GetFileAttributes C:\Users\M22\AppData\Local\Google\Chrome\User Data\Crashpad\attachments\c65a7bbb-8f79-4555-9259-d35bcf5b7905: 지정된 파일을 찾을 수 없습니다. (0x2)
11월 02, 2023 10:03:09.12 [1102/100309.127:ERROR:filesystem_win.cc(130)] GetFileAttributes C:\Users\M22\AppData\Local\Google\Chrome\User Data\Crashpad\attachments\8d3a9372-f62f-4369-9873-ca733f7bd8a7: 지정된 파일을 찾을 수 없습니다. (0x2)
11월 02, 2023 10:03:09.12 [1102/100309.127:ERROR:filesystem_win.cc(130)] GetFileAttributes C:\Users\M22\AppData\Local\Google\Chrome\User Data\Crashpad\attachments\c65a7bbb-8f79-4555-9259-d35bcf5b7905: 지정된 파일을 찾을 수 없습니다. (0x2)
11월 02, 2023 10:03:09.23 [4976:14940:1102/100309.234:ERROR:sharing_service.cc(250)] Device un-registration failed with fatal error
11월 02, 2023 17:26:12.14 [1102/172612.148:ERROR:filesystem_win.cc(130)] GetFileAttributes C:\Users\M22\AppData\Local\Google\Chrome\User Data\Crashpad\attachments\8d3a9372-f62f-4369-9873-ca733f7bd8a7: 지정된 파일을 찾을 수 없습니다. (0x2)
11월 02, 2023 17:26:12.15 [1102/172612.148:ERROR:filesystem_win.cc(130)] GetFileAttributes C:\Users\M22\AppData\Local\Google\Chrome\User Data\Crashpad\attachments\c65a7bbb-8f79-4555-9259-d35bcf5b7905: 지정된 파일을 찾을 수 없습니다. (0x2)
11월 02, 2023 17:26:12.15 [1102/172612.149:ERROR:filesystem_win.cc(130)] GetFileAttributes C:\Users\M22\AppData\Local\Google\Chrome\User Data\Crashpad\attachments\8d3a9372-f62f-4369-9873-ca733f7bd8a7: 지정된 파일을 찾을 수 없습니다. (0x2)
11월 02, 2023 17:26:12.15 [1102/172612.149:ERROR:filesystem_win.cc(130)] GetFileAttributes C:\Users\M22\AppData\Local\Google\Chrome\User Data\Crashpad\attachments\c65a7bbb-8f79-4555-9259-d35bcf5b7905: 지정된 파일을 찾을 수 없습니다. (0x2)
11월 02, 2023 17:28:06.30 [1102/172806.307:ERROR:filesystem_win.cc(130)] GetFileAttributes C:\Users\M22\AppData\Local\Google\Chrome\User Data\Crashpad\attachments\8d3a9372-f62f-4369-9873-ca733f7bd8a7: 지정된 파일을 찾을 수 없습니다. (0x2)
11월 02, 2023 17:28:06.30 [1102/172806.308:ERROR:filesystem_win.cc(130)] GetFileAttributes C:\Users\M22\AppData\Local\Google\Chrome\User Data\Crashpad\attachments\c65a7bbb-8f79-4555-9259-d35bcf5b7905: 지정된 파일을 찾을 수 없습니다. (0x2)
11월 02, 2023 17:28:06.30 [1102/172806.308:ERROR:filesystem_win.cc(130)] GetFileAttributes C:\Users\M22\AppData\Local\Google\Chrome\User Data\Crashpad\attachments\8d3a9372-f62f-4369-9873-ca733f7bd8a7: 지정된 파일을 찾을 수 없습니다. (0x2)
11월 02, 2023 17:28:06.30 [1102/172806.308:ERROR:filesystem_win.cc(130)] GetFileAttributes C:\Users\M22\AppData\Local\Google\Chrome\User Data\Crashpad\attachments\c65a7bbb-8f79-4555-9259-d35bcf5b7905: 지정된 파일을 찾을 수 없습니다. (0x2)
11월 02, 2023 17:31:55.17 [1102/173155.171:ERROR:filesystem_win.cc(130)] GetFileAttributes C:\Users\M22\AppData\Local\Google\Chrome\User Data\Crashpad\attachments\8d3a9372-f62f-4369-9873-ca733f7bd8a7: 지정된 파일을 찾을 수 없습니다. (0x2)
11월 02, 2023 17:31:55.17 [1102/173155.172:ERROR:filesystem_win.cc(130)] GetFileAttributes C:\Users\M22\AppData\Local\Google\Chrome\User Data\Crashpad\attachments\c65a7bbb-8f79-4555-9259-d35bcf5b7905: 지정된 파일을 찾을 수 없습니다. (0x2)
11월 02, 2023 17:31:55.17 [1102/173155.172:ERROR:filesystem_win.cc(130)] GetFileAttributes C:\Users\M22\AppData\Local\Google\Chrome\User Data\Crashpad\attachments\8d3a9372-f62f-4369-9873-ca733f7bd8a7: 지정된 파일을 찾을 수 없습니다. (0x2)
11월 02, 2023 17:31:55.17 [1102/173155.172:ERROR:filesystem_win.cc(130)] GetFileAttributes C:\Users\M22\AppData\Local\Google\Chrome\User Data\Crashpad\attachments\c65a7bbb-8f79-4555-9259-d35bcf5b7905: 지정된 파일을 찾을 수 없습니다. (0x2)
11월 02, 2023 17:33:11.23 [1102/173311.236:ERROR:filesystem_win.cc(130)] GetFileAttributes C:\Users\M22\AppData\Local\Google\Chrome\User Data\Crashpad\attachments\8d3a9372-f62f-4369-9873-ca733f7bd8a7: 지정된 파일을 찾을 수 없습니다. (0x2)
11월 02, 2023 17:33:11.23 [1102/173311.236:ERROR:filesystem_win.cc(130)] GetFileAttributes C:\Users\M22\AppData\Local\Google\Chrome\User Data\Crashpad\attachments\c65a7bbb-8f79-4555-9259-d35bcf5b7905: 지정된 파일을 찾을 수 없습니다. (0x2)
11월 02, 2023 17:33:11.23 [1102/173311.236:ERROR:filesystem_win.cc(130)] GetFileAttributes C:\Users\M22\AppData\Local\Google\Chrome\User Data\Crashpad\attachments\8d3a9372-f62f-4369-9873-ca733f7bd8a7: 지정된 파일을 찾을 수 없습니다. (0x2)
11월 02, 2023 17:33:11.23 [1102/173311.236:ERROR:filesystem_win.cc(130)] GetFileAttributes C:\Users\M22\AppData\Local\Google\Chrome\User Data\Crashpad\attachments\c65a7bbb-8f79-4555-9259-d35bcf5b7905: 지정된 파일을 찾을 수 없습니다. (0x2)
11월 02, 2023 17:36:37.74 [1102/173637.740:ERROR:filesystem_win.cc(130)] GetFileAttributes C:\Users\M22\AppData\Local\Google\Chrome\User Data\Crashpad\attachments\8d3a9372-f62f-4369-9873-ca733f7bd8a7: 지정된 파일을 찾을 수 없습니다. (0x2)
11월 02, 2023 17:36:37.74 [1102/173637.740:ERROR:filesystem_win.cc(130)] GetFileAttributes C:\Users\M22\AppData\Local\Google\Chrome\User Data\Crashpad\attachments\c65a7bbb-8f79-4555-9259-d35bcf5b7905: 지정된 파일을 찾을 수 없습니다. (0x2)
11월 02, 2023 17:36:37.74 [1102/173637.740:ERROR:filesystem_win.cc(130)] GetFileAttributes C:\Users\M22\AppData\Local\Google\Chrome\User Data\Crashpad\attachments\8d3a9372-f62f-4369-9873-ca733f7bd8a7: 지정된 파일을 찾을 수 없습니다. (0x2)
11월 02, 2023 17:36:37.74 [1102/173637.740:ERROR:filesystem_win.cc(130)] GetFileAttributes C:\Users\M22\AppData\Local\Google\Chrome\User Data\Crashpad\attachments\c65a7bbb-8f79-4555-9259-d35bcf5b7905: 지정된 파일을 찾을 수 없습니다. (0x2)
